<?xml version="1.0" encoding="UTF-8"?>
<!-- Generated by org.testng.reporters.JUnitXMLReporter -->
<testsuite ignored="0" hostname="Neelam" failures="1" tests="2" name="ErroValidationTest" time="20.373" errors="0" timestamp="2024-06-10T10:33:51 EDT">
  <testcase classname="Tests.ErrorValidationTest" name="productErrorValidation" time="6.594">
    <failure type="java.lang.AssertionError" message="expected [true] but found [false]">
      <![CDATA[java.lang.AssertionError: expected [true] but found [false]
at Tests.ErrorValidationTest.productErrorValidation(ErrorValidationTest.java:47)
at java.base/java.util.ArrayList.forEach(ArrayList.java:1511)
at java.base/java.util.concurrent.FutureTask.run(FutureTask.java:264)
at java.base/java.util.concurrent.ThreadPoolExecutor.runWorker(ThreadPoolExecutor.java:1136)
at java.base/java.util.concurrent.ThreadPoolExecutor$Worker.run(ThreadPoolExecutor.java:635)
at java.base/java.lang.Thread.run(Thread.java:840)
... Removed 21 stack frames]]>
    </failure>
  </testcase> <!-- productErrorValidation -->
  <testcase classname="Tests.ErrorValidationTest" name="submitOrder" time="1.06"/>
</testsuite> <!-- ErroValidationTest -->
